<?xml version="1.0" encoding="UTF-8"?>
<!-- Generated by org.testng.reporters.JUnitReportReporter -->
<testsuite hostname="LAPTOP-RDPSUM09" failures="0" tests="1" name="com.learnReports.TutorialsNinjaRegisterTest" time="7.476" errors="0" timestamp="2023-07-08T14:41:15 EDT" skipped="0">
  <testcase classname="com.learnReports.TutorialsNinjaRegisterTest" name="registerAtTutorialsNinjaTest" time="7.476"/>
  <system-out/>
</testsuite> <!-- com.learnReports.TutorialsNinjaRegisterTest -->
