<?xml version="1.0" encoding="UTF-8"?>
<!-- Generated by org.testng.reporters.JUnitReportReporter -->
<testsuite hostname="LAPTOP-RDPSUM09" failures="0" tests="1" name="com.testNGLearning.DragAndDrop" time="4.523" errors="0" timestamp="2023-06-20T13:06:44 EDT" skipped="0">
  <testcase classname="com.testNGLearning.DragAndDrop" name="dragNDrop" time="4.523"/>
  <system-out/>
</testsuite> <!-- com.testNGLearning.DragAndDrop -->
