<?xml version="1.0" encoding="UTF-8"?>
<!-- Generated by org.testng.reporters.JUnitReportReporter -->
<testsuite hostname="LAPTOP-RDPSUM09" failures="0" tests="1" name="com.testNGLearning.TestNG_Annotations" time="0.909" errors="0" timestamp="2023-05-28T14:48:47 EDT" skipped="0">
  <testcase classname="com.testNGLearning.TestNG_Annotations" name="LearnWebElements" time="0.909"/>
  <system-out/>
</testsuite> <!-- com.testNGLearning.TestNG_Annotations -->
