<?xml version="1.0" encoding="UTF-8"?>
<!-- Generated by org.testng.reporters.JUnitReportReporter -->
<testsuite hostname="LAPTOP-RDPSUM09" failures="0" tests="3" name="com.testNGLearning.DataDriven" time="39.070" errors="0" timestamp="2023-06-22T14:14:45 EDT" skipped="0">
  <testcase classname="com.testNGLearning.DataDriven" name="clickOnCreateAccount" time="12.973"/>
  <system-out/>
  <testcase classname="com.testNGLearning.DataDriven" name="clickOnCreateAccount" time="14.311"/>
  <system-out/>
  <testcase classname="com.testNGLearning.DataDriven" name="clickOnCreateAccount" time="11.786"/>
  <system-out/>
</testsuite> <!-- com.testNGLearning.DataDriven -->
