<?xml version="1.0" encoding="UTF-8"?>
<!-- Generated by org.testng.reporters.JUnitReportReporter -->
<testsuite hostname="LAPTOP-RDPSUM09" failures="0" tests="1" name="com.testNGLearning.ActionsClass" time="5.107" errors="0" timestamp="2023-06-20T12:16:58 EDT" skipped="0">
  <testcase classname="com.testNGLearning.ActionsClass" name="learnActions" time="5.107"/>
  <system-out/>
</testsuite> <!-- com.testNGLearning.ActionsClass -->
