<?xml version="1.0" encoding="UTF-8"?>
<!-- Generated by org.testng.reporters.JUnitReportReporter -->
<testsuite hostname="LAPTOP-RDPSUM09" failures="0" tests="1" name="com.testNGLearning.Assertions" time="11.679" errors="0" timestamp="2023-06-25T15:40:06 EDT" skipped="0">
  <testcase classname="com.testNGLearning.Assertions" name="softAsserts" time="11.679"/>
  <system-out/>
</testsuite> <!-- com.testNGLearning.Assertions -->
